<?xml version="1.0" encoding="UTF-8"?>
<!-- Generated by org.testng.reporters.JUnitReportReporter -->
<testsuite hostname="DESKTOP-EKDQISM" failures="0" tests="2" name="bankService.CustomerTest" time="0.001" errors="0" timestamp="2020-06-30T15:54:15 CDT" skipped="0">
  <testcase classname="bankService.CustomerTest" name="creatingCustomerWithValidData_StoresSpecifiedData" time="0.000"/>
  <system-out/>
  <testcase classname="bankService.CustomerTest" name="updatingCustomerDataWithDifferentValidValues_StoredNewValues" time="0.001"/>
  <system-out/>
</testsuite> <!-- bankService.CustomerTest -->
